d:\coding\games\games101-homework-win\build\freetype\debug\freetyped.pdb
d:\coding\games\games101-homework-win\build\freetype\freetype.dir\debug\bdf.obj
d:\coding\games\games101-homework-win\build\freetype\freetype.dir\debug\ftwinfnt.obj
d:\coding\games\games101-homework-win\build\freetype\freetype.dir\debug\fttype1.obj
d:\coding\games\games101-homework-win\build\freetype\freetype.dir\debug\ftsynth.obj
d:\coding\games\games101-homework-win\build\freetype\freetype.dir\debug\ftstroke.obj
d:\coding\games\games101-homework-win\build\freetype\freetype.dir\debug\ftpfr.obj
d:\coding\games\games101-homework-win\build\freetype\freetype.dir\debug\ftpatent.obj
d:\coding\games\games101-homework-win\build\freetype\freetype.dir\debug\ftotval.obj
d:\coding\games\games101-homework-win\build\freetype\freetype.dir\debug\ftmm.obj
d:\coding\games\games101-homework-win\build\freetype\freetype.dir\debug\ftinit.obj
d:\coding\games\games101-homework-win\build\freetype\freetype.dir\debug\ftgxval.obj
d:\coding\games\games101-homework-win\build\freetype\freetype.dir\debug\ftglyph.obj
d:\coding\games\games101-homework-win\build\freetype\freetype.dir\debug\ftgasp.obj
d:\coding\games\games101-homework-win\build\freetype\freetype.dir\debug\ftfstype.obj
d:\coding\games\games101-homework-win\build\freetype\freetype.dir\debug\ftcid.obj
d:\coding\games\games101-homework-win\build\freetype\freetype.dir\debug\ftbitmap.obj
d:\coding\games\games101-homework-win\build\freetype\freetype.dir\debug\ftbdf.obj
d:\coding\games\games101-homework-win\build\freetype\freetype.dir\debug\ftbbox.obj
d:\coding\games\games101-homework-win\build\freetype\freetype.dir\debug\ftbase.obj
d:\coding\games\games101-homework-win\build\freetype\freetype.dir\debug\autofit.obj
d:\coding\games\games101-homework-win\build\freetype\freetype.dir\debug\ftdebug.obj
d:\coding\games\games101-homework-win\build\freetype\freetype.dir\debug\ftsystem.obj
d:\coding\games\games101-homework-win\build\freetype\freetype.dir\debug\winfnt.obj
d:\coding\games\games101-homework-win\build\freetype\freetype.dir\debug\type42.obj
d:\coding\games\games101-homework-win\build\freetype\freetype.dir\debug\type1.obj
d:\coding\games\games101-homework-win\build\freetype\freetype.dir\debug\truetype.obj
d:\coding\games\games101-homework-win\build\freetype\freetype.dir\debug\smooth.obj
d:\coding\games\games101-homework-win\build\freetype\freetype.dir\debug\sfnt.obj
d:\coding\games\games101-homework-win\build\freetype\freetype.dir\debug\raster.obj
d:\coding\games\games101-homework-win\build\freetype\freetype.dir\debug\psnames.obj
d:\coding\games\games101-homework-win\build\freetype\freetype.dir\debug\pshinter.obj
d:\coding\games\games101-homework-win\build\freetype\freetype.dir\debug\psaux.obj
d:\coding\games\games101-homework-win\build\freetype\freetype.dir\debug\pfr.obj
d:\coding\games\games101-homework-win\build\freetype\freetype.dir\debug\pcf.obj
d:\coding\games\games101-homework-win\build\freetype\freetype.dir\debug\ftlzw.obj
d:\coding\games\games101-homework-win\build\freetype\freetype.dir\debug\ftgzip.obj
d:\coding\games\games101-homework-win\build\freetype\freetype.dir\debug\type1cid.obj
d:\coding\games\games101-homework-win\build\freetype\freetype.dir\debug\cff.obj
d:\coding\games\games101-homework-win\build\freetype\freetype.dir\debug\ftcache.obj
d:\coding\games\games101-homework-win\build\freetype\freetype.dir\debug\ftbzip2.obj
d:\coding\games\games101-homework-win\build\freetype\cmakefiles\generate.stamp
d:\coding\games\games101-homework-win\build\freetype\debug\freetyped.lib
d:\coding\games\games101-homework-win\build\freetype\freetype.dir\debug\ftver.res
d:\coding\games\games101-homework-win\build\freetype\freetype.dir\debug\freetype.tlog\cl.command.1.tlog
d:\coding\games\games101-homework-win\build\freetype\freetype.dir\debug\freetype.tlog\cl.items.tlog
d:\coding\games\games101-homework-win\build\freetype\freetype.dir\debug\freetype.tlog\cl.read.1.tlog
d:\coding\games\games101-homework-win\build\freetype\freetype.dir\debug\freetype.tlog\cl.write.1.tlog
d:\coding\games\games101-homework-win\build\freetype\freetype.dir\debug\freetype.tlog\custombuild.command.1.tlog
d:\coding\games\games101-homework-win\build\freetype\freetype.dir\debug\freetype.tlog\custombuild.read.1.tlog
d:\coding\games\games101-homework-win\build\freetype\freetype.dir\debug\freetype.tlog\custombuild.write.1.tlog
d:\coding\games\games101-homework-win\build\freetype\freetype.dir\debug\freetype.tlog\lib-link-cvtres.read.1.tlog
d:\coding\games\games101-homework-win\build\freetype\freetype.dir\debug\freetype.tlog\lib-link-cvtres.write.1.tlog
d:\coding\games\games101-homework-win\build\freetype\freetype.dir\debug\freetype.tlog\lib.command.1.tlog
d:\coding\games\games101-homework-win\build\freetype\freetype.dir\debug\freetype.tlog\rc.command.1.tlog
d:\coding\games\games101-homework-win\build\freetype\freetype.dir\debug\freetype.tlog\rc.read.1.tlog
d:\coding\games\games101-homework-win\build\freetype\freetype.dir\debug\freetype.tlog\rc.write.1.tlog
