d:\coding\games\games101-homework-win\build\assignment8\src\ropesim.dir\debug\vc143.pdb
d:\coding\games\games101-homework-win\build\assignment8\src\ropesim.dir\debug\osdfont.obj
d:\coding\games\games101-homework-win\build\assignment8\src\ropesim.dir\debug\main.obj
d:\coding\games\games101-homework-win\build\assignment8\src\ropesim.dir\debug\application.obj
d:\coding\games\games101-homework-win\build\assignment8\src\ropesim.dir\debug\rope.obj
d:\coding\games\games101-homework-win\build\assignment8\src\ropesim.dir\debug\glew.obj
d:\coding\games\games101-homework-win\build\assignment8\src\ropesim.dir\debug\getopt_init.obj
d:\coding\games\games101-homework-win\build\assignment8\src\ropesim.dir\debug\getopt.obj
d:\coding\games\games101-homework-win\build\assignment8\src\cmakefiles\generate.stamp
d:\coding\games\games101-homework-win\build\assignment8\debug\ropesim.exe
d:\coding\games\games101-homework-win\build\assignment8\debug\ropesim.pdb
d:\coding\games\games101-homework-win\build\assignment8\debug\ropesim.lib
d:\coding\games\games101-homework-win\build\assignment8\debug\ropesim.exp
d:\coding\games\games101-homework-win\build\assignment8\src\ropesim.dir\debug\ropesim.ilk
d:\coding\games\games101-homework-win\build\assignment8\src\ropesim.dir\debug\ropesim.tlog\cl.command.1.tlog
d:\coding\games\games101-homework-win\build\assignment8\src\ropesim.dir\debug\ropesim.tlog\cl.items.tlog
d:\coding\games\games101-homework-win\build\assignment8\src\ropesim.dir\debug\ropesim.tlog\cl.read.1.tlog
d:\coding\games\games101-homework-win\build\assignment8\src\ropesim.dir\debug\ropesim.tlog\cl.write.1.tlog
d:\coding\games\games101-homework-win\build\assignment8\src\ropesim.dir\debug\ropesim.tlog\custombuild.command.1.tlog
d:\coding\games\games101-homework-win\build\assignment8\src\ropesim.dir\debug\ropesim.tlog\custombuild.read.1.tlog
d:\coding\games\games101-homework-win\build\assignment8\src\ropesim.dir\debug\ropesim.tlog\custombuild.write.1.tlog
d:\coding\games\games101-homework-win\build\assignment8\src\ropesim.dir\debug\ropesim.tlog\link.command.1.tlog
d:\coding\games\games101-homework-win\build\assignment8\src\ropesim.dir\debug\ropesim.tlog\link.read.1.tlog
d:\coding\games\games101-homework-win\build\assignment8\src\ropesim.dir\debug\ropesim.tlog\link.secondary.1.tlog
d:\coding\games\games101-homework-win\build\assignment8\src\ropesim.dir\debug\ropesim.tlog\link.write.1.tlog
