d:\coding\games\games101-homework-win\build\assignment7\raytracing3.dir\debug\vc143.pdb
d:\coding\games\games101-homework-win\build\assignment7\raytracing3.dir\debug\renderer.obj
d:\coding\games\games101-homework-win\build\assignment7\raytracing3.dir\debug\bvh.obj
d:\coding\games\games101-homework-win\build\assignment7\raytracing3.dir\debug\scene.obj
d:\coding\games\games101-homework-win\build\assignment7\raytracing3.dir\debug\vector.obj
d:\coding\games\games101-homework-win\build\assignment7\raytracing3.dir\debug\main.obj
d:\coding\games\games101-homework-win\build\assignment7\cmakefiles\generate.stamp
d:\coding\games\games101-homework-win\build\assignment7\debug\raytracing3.exe
d:\coding\games\games101-homework-win\build\assignment7\debug\raytracing3.pdb
d:\coding\games\games101-homework-win\build\assignment7\raytracing3.dir\debug\raytracing3.ilk
d:\coding\games\games101-homework-win\build\assignment7\raytracing3.dir\debug\raytracing3.tlog\cl.command.1.tlog
d:\coding\games\games101-homework-win\build\assignment7\raytracing3.dir\debug\raytracing3.tlog\cl.items.tlog
d:\coding\games\games101-homework-win\build\assignment7\raytracing3.dir\debug\raytracing3.tlog\cl.read.1.tlog
d:\coding\games\games101-homework-win\build\assignment7\raytracing3.dir\debug\raytracing3.tlog\cl.write.1.tlog
d:\coding\games\games101-homework-win\build\assignment7\raytracing3.dir\debug\raytracing3.tlog\custombuild.command.1.tlog
d:\coding\games\games101-homework-win\build\assignment7\raytracing3.dir\debug\raytracing3.tlog\custombuild.read.1.tlog
d:\coding\games\games101-homework-win\build\assignment7\raytracing3.dir\debug\raytracing3.tlog\custombuild.write.1.tlog
d:\coding\games\games101-homework-win\build\assignment7\raytracing3.dir\debug\raytracing3.tlog\link.command.1.tlog
d:\coding\games\games101-homework-win\build\assignment7\raytracing3.dir\debug\raytracing3.tlog\link.read.1.tlog
d:\coding\games\games101-homework-win\build\assignment7\raytracing3.dir\debug\raytracing3.tlog\link.secondary.1.tlog
d:\coding\games\games101-homework-win\build\assignment7\raytracing3.dir\debug\raytracing3.tlog\link.write.1.tlog
