d:\coding\games\games101-homework-win\build\assignment8\cgl\src\debug\cgl.pdb
d:\coding\games\games101-homework-win\build\assignment8\cgl\src\cgl.dir\debug\tinyxml2.obj
d:\coding\games\games101-homework-win\build\assignment8\cgl\src\cgl.dir\debug\base64.obj
d:\coding\games\games101-homework-win\build\assignment8\cgl\src\cgl.dir\debug\viewer.obj
d:\coding\games\games101-homework-win\build\assignment8\cgl\src\cgl.dir\debug\osdfont.obj
d:\coding\games\games101-homework-win\build\assignment8\cgl\src\cgl.dir\debug\osdtext.obj
d:\coding\games\games101-homework-win\build\assignment8\cgl\src\cgl.dir\debug\color.obj
d:\coding\games\games101-homework-win\build\assignment8\cgl\src\cgl.dir\debug\complex.obj
d:\coding\games\games101-homework-win\build\assignment8\cgl\src\cgl.dir\debug\quaternion.obj
d:\coding\games\games101-homework-win\build\assignment8\cgl\src\cgl.dir\debug\matrix4x4.obj
d:\coding\games\games101-homework-win\build\assignment8\cgl\src\cgl.dir\debug\matrix3x3.obj
d:\coding\games\games101-homework-win\build\assignment8\cgl\src\cgl.dir\debug\vector4d.obj
d:\coding\games\games101-homework-win\build\assignment8\cgl\src\cgl.dir\debug\vector3d.obj
d:\coding\games\games101-homework-win\build\assignment8\cgl\src\cgl.dir\debug\vector2d.obj
d:\coding\games\games101-homework-win\build\assignment8\cgl\src\cmakefiles\generate.stamp
d:\coding\games\games101-homework-win\build\assignment8\cgl\src\debug\cgl.lib
d:\coding\games\games101-homework-win\build\assignment8\cgl\src\cgl.dir\debug\cgl.tlog\cl.command.1.tlog
d:\coding\games\games101-homework-win\build\assignment8\cgl\src\cgl.dir\debug\cgl.tlog\cl.items.tlog
d:\coding\games\games101-homework-win\build\assignment8\cgl\src\cgl.dir\debug\cgl.tlog\cl.read.1.tlog
d:\coding\games\games101-homework-win\build\assignment8\cgl\src\cgl.dir\debug\cgl.tlog\cl.write.1.tlog
d:\coding\games\games101-homework-win\build\assignment8\cgl\src\cgl.dir\debug\cgl.tlog\custombuild.command.1.tlog
d:\coding\games\games101-homework-win\build\assignment8\cgl\src\cgl.dir\debug\cgl.tlog\custombuild.read.1.tlog
d:\coding\games\games101-homework-win\build\assignment8\cgl\src\cgl.dir\debug\cgl.tlog\custombuild.write.1.tlog
d:\coding\games\games101-homework-win\build\assignment8\cgl\src\cgl.dir\debug\cgl.tlog\lib-link.read.1.tlog
d:\coding\games\games101-homework-win\build\assignment8\cgl\src\cgl.dir\debug\cgl.tlog\lib-link.write.1.tlog
d:\coding\games\games101-homework-win\build\assignment8\cgl\src\cgl.dir\debug\cgl.tlog\lib.command.1.tlog
