d:\coding\games\games101-homework-win\build\assignment3\rasterizer3.dir\debug\vc143.pdb
d:\coding\games\games101-homework-win\build\assignment3\rasterizer3.dir\debug\texture.obj
d:\coding\games\games101-homework-win\build\assignment3\rasterizer3.dir\debug\triangle.obj
d:\coding\games\games101-homework-win\build\assignment3\rasterizer3.dir\debug\rasterizer.obj
d:\coding\games\games101-homework-win\build\assignment3\rasterizer3.dir\debug\main.obj
d:\coding\games\games101-homework-win\build\assignment3\cmakefiles\generate.stamp
d:\coding\games\games101-homework-win\build\assignment3\debug\rasterizer3.exe
d:\coding\games\games101-homework-win\build\assignment3\debug\rasterizer3.pdb
d:\coding\games\games101-homework-win\build\assignment3\rasterizer3.dir\debug\rasterizer3.ilk
d:\coding\games\games101-homework-win\build\assignment3\rasterizer3.dir\debug\rasterizer3.tlog\cl.command.1.tlog
d:\coding\games\games101-homework-win\build\assignment3\rasterizer3.dir\debug\rasterizer3.tlog\cl.items.tlog
d:\coding\games\games101-homework-win\build\assignment3\rasterizer3.dir\debug\rasterizer3.tlog\cl.read.1.tlog
d:\coding\games\games101-homework-win\build\assignment3\rasterizer3.dir\debug\rasterizer3.tlog\cl.write.1.tlog
d:\coding\games\games101-homework-win\build\assignment3\rasterizer3.dir\debug\rasterizer3.tlog\custombuild.command.1.tlog
d:\coding\games\games101-homework-win\build\assignment3\rasterizer3.dir\debug\rasterizer3.tlog\custombuild.read.1.tlog
d:\coding\games\games101-homework-win\build\assignment3\rasterizer3.dir\debug\rasterizer3.tlog\custombuild.write.1.tlog
d:\coding\games\games101-homework-win\build\assignment3\rasterizer3.dir\debug\rasterizer3.tlog\link.command.1.tlog
d:\coding\games\games101-homework-win\build\assignment3\rasterizer3.dir\debug\rasterizer3.tlog\link.read.1.tlog
d:\coding\games\games101-homework-win\build\assignment3\rasterizer3.dir\debug\rasterizer3.tlog\link.secondary.1.tlog
d:\coding\games\games101-homework-win\build\assignment3\rasterizer3.dir\debug\rasterizer3.tlog\link.write.1.tlog
