d:\coding\games\games101-homework-win\build\assignment8\cgl\deps\glfw\src\debug\glfw3.pdb
d:\coding\games\games101-homework-win\build\assignment8\cgl\deps\glfw\src\glfw.dir\debug\wgl_context.obj
d:\coding\games\games101-homework-win\build\assignment8\cgl\deps\glfw\src\glfw.dir\debug\winmm_joystick.obj
d:\coding\games\games101-homework-win\build\assignment8\cgl\deps\glfw\src\glfw.dir\debug\win32_window.obj
d:\coding\games\games101-homework-win\build\assignment8\cgl\deps\glfw\src\glfw.dir\debug\win32_tls.obj
d:\coding\games\games101-homework-win\build\assignment8\cgl\deps\glfw\src\glfw.dir\debug\win32_time.obj
d:\coding\games\games101-homework-win\build\assignment8\cgl\deps\glfw\src\glfw.dir\debug\win32_monitor.obj
d:\coding\games\games101-homework-win\build\assignment8\cgl\deps\glfw\src\glfw.dir\debug\win32_init.obj
d:\coding\games\games101-homework-win\build\assignment8\cgl\deps\glfw\src\glfw.dir\debug\window.obj
d:\coding\games\games101-homework-win\build\assignment8\cgl\deps\glfw\src\glfw.dir\debug\monitor.obj
d:\coding\games\games101-homework-win\build\assignment8\cgl\deps\glfw\src\glfw.dir\debug\input.obj
d:\coding\games\games101-homework-win\build\assignment8\cgl\deps\glfw\src\glfw.dir\debug\init.obj
d:\coding\games\games101-homework-win\build\assignment8\cgl\deps\glfw\src\glfw.dir\debug\context.obj
d:\coding\games\games101-homework-win\build\assignment8\cgl\deps\glfw\src\cmakefiles\generate.stamp
d:\coding\games\games101-homework-win\build\assignment8\cgl\deps\glfw\src\debug\glfw3.lib
d:\coding\games\games101-homework-win\build\assignment8\cgl\deps\glfw\src\glfw.dir\debug\glfw.tlog\cl.command.1.tlog
d:\coding\games\games101-homework-win\build\assignment8\cgl\deps\glfw\src\glfw.dir\debug\glfw.tlog\cl.items.tlog
d:\coding\games\games101-homework-win\build\assignment8\cgl\deps\glfw\src\glfw.dir\debug\glfw.tlog\cl.read.1.tlog
d:\coding\games\games101-homework-win\build\assignment8\cgl\deps\glfw\src\glfw.dir\debug\glfw.tlog\cl.write.1.tlog
d:\coding\games\games101-homework-win\build\assignment8\cgl\deps\glfw\src\glfw.dir\debug\glfw.tlog\custombuild.command.1.tlog
d:\coding\games\games101-homework-win\build\assignment8\cgl\deps\glfw\src\glfw.dir\debug\glfw.tlog\custombuild.read.1.tlog
d:\coding\games\games101-homework-win\build\assignment8\cgl\deps\glfw\src\glfw.dir\debug\glfw.tlog\custombuild.write.1.tlog
d:\coding\games\games101-homework-win\build\assignment8\cgl\deps\glfw\src\glfw.dir\debug\glfw.tlog\lib-link.read.1.tlog
d:\coding\games\games101-homework-win\build\assignment8\cgl\deps\glfw\src\glfw.dir\debug\glfw.tlog\lib-link.write.1.tlog
d:\coding\games\games101-homework-win\build\assignment8\cgl\deps\glfw\src\glfw.dir\debug\glfw.tlog\lib.command.1.tlog
