d:\coding\games\games101-homework-win\build\assignment6\raytracing2.dir\debug\vc143.pdb
d:\coding\games\games101-homework-win\build\assignment6\raytracing2.dir\debug\renderer.obj
d:\coding\games\games101-homework-win\build\assignment6\raytracing2.dir\debug\bvh.obj
d:\coding\games\games101-homework-win\build\assignment6\raytracing2.dir\debug\scene.obj
d:\coding\games\games101-homework-win\build\assignment6\raytracing2.dir\debug\vector.obj
d:\coding\games\games101-homework-win\build\assignment6\raytracing2.dir\debug\main.obj
d:\coding\games\games101-homework-win\build\assignment6\cmakefiles\generate.stamp
d:\coding\games\games101-homework-win\build\assignment6\debug\raytracing2.exe
d:\coding\games\games101-homework-win\build\assignment6\debug\raytracing2.pdb
d:\coding\games\games101-homework-win\build\assignment6\raytracing2.dir\debug\raytracing2.ilk
d:\coding\games\games101-homework-win\build\assignment6\raytracing2.dir\debug\raytracing2.tlog\cl.command.1.tlog
d:\coding\games\games101-homework-win\build\assignment6\raytracing2.dir\debug\raytracing2.tlog\cl.items.tlog
d:\coding\games\games101-homework-win\build\assignment6\raytracing2.dir\debug\raytracing2.tlog\cl.read.1.tlog
d:\coding\games\games101-homework-win\build\assignment6\raytracing2.dir\debug\raytracing2.tlog\cl.write.1.tlog
d:\coding\games\games101-homework-win\build\assignment6\raytracing2.dir\debug\raytracing2.tlog\custombuild.command.1.tlog
d:\coding\games\games101-homework-win\build\assignment6\raytracing2.dir\debug\raytracing2.tlog\custombuild.read.1.tlog
d:\coding\games\games101-homework-win\build\assignment6\raytracing2.dir\debug\raytracing2.tlog\custombuild.write.1.tlog
d:\coding\games\games101-homework-win\build\assignment6\raytracing2.dir\debug\raytracing2.tlog\link.command.1.tlog
d:\coding\games\games101-homework-win\build\assignment6\raytracing2.dir\debug\raytracing2.tlog\link.read.1.tlog
d:\coding\games\games101-homework-win\build\assignment6\raytracing2.dir\debug\raytracing2.tlog\link.secondary.1.tlog
d:\coding\games\games101-homework-win\build\assignment6\raytracing2.dir\debug\raytracing2.tlog\link.write.1.tlog
