d:\coding\games\games101-homework-win\build\cmakefiles\generate.stamp
d:\coding\games\games101-homework-win\build\freetype\cmakefiles\generate.stamp
d:\coding\games\games101-homework-win\build\assignment0\cmakefiles\generate.stamp
d:\coding\games\games101-homework-win\build\assignment1\cmakefiles\generate.stamp
d:\coding\games\games101-homework-win\build\assignment2\cmakefiles\generate.stamp
d:\coding\games\games101-homework-win\build\assignment3\cmakefiles\generate.stamp
d:\coding\games\games101-homework-win\build\assignment4\cmakefiles\generate.stamp
d:\coding\games\games101-homework-win\build\assignment5\cmakefiles\generate.stamp
d:\coding\games\games101-homework-win\build\assignment6\cmakefiles\generate.stamp
d:\coding\games\games101-homework-win\build\assignment7\cmakefiles\generate.stamp
d:\coding\games\games101-homework-win\build\assignment8\cmakefiles\generate.stamp
d:\coding\games\games101-homework-win\build\assignment8\cgl\cmakefiles\generate.stamp
d:\coding\games\games101-homework-win\build\assignment8\cgl\deps\glew\cmakefiles\generate.stamp
d:\coding\games\games101-homework-win\build\assignment8\cgl\deps\glfw\cmakefiles\generate.stamp
d:\coding\games\games101-homework-win\build\assignment8\cgl\deps\glfw\src\cmakefiles\generate.stamp
d:\coding\games\games101-homework-win\build\assignment8\cgl\src\cmakefiles\generate.stamp
d:\coding\games\games101-homework-win\build\assignment8\src\cmakefiles\generate.stamp
d:\coding\games\games101-homework-win\build\x64\debug\zero_check\zero_check.tlog\custombuild.command.1.tlog
d:\coding\games\games101-homework-win\build\x64\debug\zero_check\zero_check.tlog\custombuild.read.1.tlog
d:\coding\games\games101-homework-win\build\x64\debug\zero_check\zero_check.tlog\custombuild.write.1.tlog
